<?xml version="1.0" encoding="UTF-8"?>
<testng-results ignored="0" total="5" passed="5" failed="0" skipped="0">
  <reporter-output>
  </reporter-output>
  <suite started-at="2023-09-27T12:44:06Z" name="Default suite" finished-at="2023-09-27T12:45:16Z" duration-ms="70498">
    <groups>
    </groups>
    <test started-at="2023-09-27T12:44:06Z" name="Default test" finished-at="2023-09-27T12:45:16Z" duration-ms="70498">
      <class name="testscenarios.ElementsTestCases">
        <test-method is-config="true" signature="beforetest()[pri:0, instance:testscenarios.ElementsTestCases@3d246ea3]" started-at="2023-09-27T18:14:06Z" name="beforetest" finished-at="2023-09-27T18:14:09Z" duration-ms="3439" status="PASS">
          <reporter-output>
          </reporter-output>
        </test-method> <!-- beforetest -->
        <test-method signature="openTest()[pri:1, instance:testscenarios.ElementsTestCases@3d246ea3]" started-at="2023-09-27T18:14:09Z" name="openTest" finished-at="2023-09-27T18:14:26Z" duration-ms="16776" status="PASS">
          <reporter-output>
          </reporter-output>
        </test-method> <!-- openTest -->
        <test-method signature="cbTest()[pri:2, instance:testscenarios.ElementsTestCases@3d246ea3]" started-at="2023-09-27T18:14:26Z" name="cbTest" finished-at="2023-09-27T18:14:47Z" duration-ms="21044" status="PASS">
          <reporter-output>
          </reporter-output>
        </test-method> <!-- cbTest -->
        <test-method signature="rbTest()[pri:3, instance:testscenarios.ElementsTestCases@3d246ea3]" started-at="2023-09-27T18:14:47Z" name="rbTest" finished-at="2023-09-27T18:14:51Z" duration-ms="4336" status="PASS">
          <reporter-output>
          </reporter-output>
        </test-method> <!-- rbTest -->
        <test-method signature="wtTest()[pri:3, instance:testscenarios.ElementsTestCases@3d246ea3]" started-at="2023-09-27T18:14:51Z" name="wtTest" finished-at="2023-09-27T18:15:10Z" duration-ms="18478" status="PASS">
          <reporter-output>
          </reporter-output>
        </test-method> <!-- wtTest -->
        <test-method signature="bTest()[pri:4, instance:testscenarios.ElementsTestCases@3d246ea3]" started-at="2023-09-27T18:15:10Z" name="bTest" finished-at="2023-09-27T18:15:16Z" duration-ms="5747" status="PASS">
          <reporter-output>
          </reporter-output>
        </test-method> <!-- bTest -->
        <test-method is-config="true" signature="aftertest()[pri:0, instance:testscenarios.ElementsTestCases@3d246ea3]" started-at="2023-09-27T18:15:16Z" name="aftertest" finished-at="2023-09-27T18:15:16Z" duration-ms="591" status="PASS">
          <reporter-output>
          </reporter-output>
        </test-method> <!-- aftertest -->
      </class> <!-- testscenarios.ElementsTestCases -->
    </test> <!-- Default test -->
  </suite> <!-- Default suite -->
</testng-results>
